c:\users\cameron\desktop\_git\cs202spring2016_group3\gamev3\gamev3\debug\vc140.pdb
c:\users\cameron\desktop\_git\cs202spring2016_group3\gamev3\gamev3\debug\vc140.idb
c:\users\cameron\desktop\_git\cs202spring2016_group3\gamev3\gamev3\debug\dice.obj
c:\users\cameron\desktop\_git\cs202spring2016_group3\gamev3\gamev3\debug\engine.obj
c:\users\cameron\desktop\_git\cs202spring2016_group3\gamev3\gamev3\debug\entity.obj
c:\users\cameron\desktop\_git\cs202spring2016_group3\gamev3\gamev3\debug\inventory.obj
c:\users\cameron\desktop\_git\cs202spring2016_group3\gamev3\gamev3\debug\item.obj
c:\users\cameron\desktop\_git\cs202spring2016_group3\gamev3\gamev3\debug\levelengine.obj
c:\users\cameron\desktop\_git\cs202spring2016_group3\gamev3\gamev3\debug\main.obj
c:\users\cameron\desktop\_git\cs202spring2016_group3\gamev3\gamev3\debug\player.obj
c:\users\cameron\desktop\_git\cs202spring2016_group3\gamev3\gamev3\debug\randomdungeon.obj
c:\users\cameron\desktop\_git\cs202spring2016_group3\gamev3\gamev3\debug\roomdata.obj
c:\users\cameron\desktop\_git\cs202spring2016_group3\gamev3\gamev3\debug\texturemanager.obj
c:\users\cameron\desktop\_git\cs202spring2016_group3\gamev3\gamev3\debug\attributes.obj
c:\users\cameron\desktop\_git\cs202spring2016_group3\gamev3\gamev3\debug\character.obj
c:\users\cameron\desktop\_git\cs202spring2016_group3\gamev3\gamev3\debug\charcreation.obj
c:\users\cameron\desktop\_git\cs202spring2016_group3\gamev3\gamev3\debug\combat.obj
c:\users\cameron\desktop\_git\cs202spring2016_group3\gamev3\gamev3\debug\weapon.obj
c:\users\cameron\desktop\_git\cs202spring2016_group3\gamev3\gamev3\debug\class.obj
c:\users\cameron\desktop\_git\cs202spring2016_group3\gamev3\gamev3\debug\dungeonmaster.obj
c:\users\cameron\desktop\_git\cs202spring2016_group3\gamev3\gamev3\debug\enemy.obj
c:\users\cameron\desktop\_git\cs202spring2016_group3\gamev3\gamev3\debug\event.obj
c:\users\cameron\desktop\_git\cs202spring2016_group3\gamev3\gamev3\debug\armor.obj
c:\users\cameron\desktop\_git\cs202spring2016_group3\gamev3\gamev3\debug\itemmanager.obj
c:\users\cameron\desktop\_git\cs202spring2016_group3\gamev3\gamev3\debug\game v3.ilk
c:\users\cameron\desktop\_git\cs202spring2016_group3\gamev3\gamev3\debug\game v3.exe
c:\users\cameron\desktop\_git\cs202spring2016_group3\gamev3\gamev3\debug\game v3.pdb
c:\users\cameron\desktop\_git\cs202spring2016_group3\gamev3\gamev3\debug\game v3.tlog\cl.command.1.tlog
c:\users\cameron\desktop\_git\cs202spring2016_group3\gamev3\gamev3\debug\game v3.tlog\cl.read.1.tlog
c:\users\cameron\desktop\_git\cs202spring2016_group3\gamev3\gamev3\debug\game v3.tlog\cl.write.1.tlog
c:\users\cameron\desktop\_git\cs202spring2016_group3\gamev3\gamev3\debug\game v3.tlog\link.command.1.tlog
c:\users\cameron\desktop\_git\cs202spring2016_group3\gamev3\gamev3\debug\game v3.tlog\link.read.1.tlog
c:\users\cameron\desktop\_git\cs202spring2016_group3\gamev3\gamev3\debug\game v3.tlog\link.write.1.tlog
